C51 COMPILER V9.52.0.0   MAIN                                                              04/27/2018 15:47:00 PAGE 1   


C51 COMPILER V9.52.0.0, COMPILATION OF MODULE MAIN
OBJECT MODULE PLACED IN main.OBJ
COMPILER INVOKED BY: C:\Keil\C51\BIN\C51.EXE main.c ROM(SMALL) OPTIMIZE(9,SPEED) BROWSE DEBUG OBJECTEXTEND

line level    source

   1          #include "STC15W.h"
   2          #include <INTRINS.H>
   3          
   4          
   5          /**
   6           --------------------------
   7          |1 (A13)        \__/(/ROMSEL) 8|
   8          |                                                  |
   9          |2 (VCC)                   (R//W) 7|
  10          |                STC15W204S                |
  11          |3 (A14)                 (TXD/D1) 6|
  12          |                                                  |
  13          |4 (GND)                 (RXD/D0) 5|
  14           --------------------------
  15          */
  16          
  17          
  18          sbit ROMSEL     = P3^3;
  19          bit isReadyToHalt = 1;  // 停机标志。上电立刻停机
  20          
  21          
  22          static void GPIO_Init(){
  23   1              // P3口设置为准双向，默认输出高电平（准双向口写1才能读外部状态）
  24   1              P3M0 = 0;
  25   1              P3M1 = 0;
  26   1              P3 = 0xFF;
  27   1              // P5口设置为准双向，默认输出低电平
  28   1              P5M0 = 0;
  29   1              P5M1 = 0;
  30   1              P5 = 0;
  31   1      }
  32          
  33          static void Interrupt_Init(){
  34   1              // INT0中断触发类型为下降沿触发
  35   1              IT0 = 1;
  36   1              // 允许INT0中断
  37   1              EX0 = 1;
  38   1              // 允许全局中断
  39   1              EA = 1;
  40   1      }
  41          
  42          static void INT0_Isr() interrupt 0{
  43   1              // 外部中断0到来，说明R//W出现写信号
  44   1              // 如果/ROMSEL为低电平，说明此时正在写ROM，即mapper切bank操作
  45   1              if(ROMSEL == 0){
  46   2                      // 立刻将D0和D1值输出到A13和A14
  47   2                      P5 = P3 << 4;
  48   2              }
  49   1              // 立刻进入停机模式。进入停机模式之后，IO口保持停机之前的状态，即自动锁存
  50   1              isReadyToHalt = 1;
  51   1      }
  52          
  53          void main(){
  54   1              GPIO_Init();
  55   1              Interrupt_Init();
C51 COMPILER V9.52.0.0   MAIN                                                              04/27/2018 15:47:00 PAGE 2   

  56   1              while(1){
  57   2                      // 检测到停机标志
  58   2                      if(isReadyToHalt == 1){
  59   3                              // 进入停机模式
  60   3                              PCON |= 0x02;
  61   3                              _nop_();
  62   3                              _nop_();
  63   3                              _nop_();
  64   3                              _nop_();
  65   3                              // 唤醒，清标志位
  66   3                              isReadyToHalt = 0;
  67   3                      }
  68   2              }
  69   1      }


MODULE INFORMATION:   STATIC OVERLAYABLE
   CODE SIZE        =     57    ----
   CONSTANT SIZE    =   ----    ----
   XDATA SIZE       =   ----    ----
   PDATA SIZE       =   ----    ----
   DATA SIZE        =   ----    ----
   IDATA SIZE       =   ----    ----
   BIT SIZE         =      1    ----
END OF MODULE INFORMATION.


C51 COMPILATION COMPLETE.  0 WARNING(S),  0 ERROR(S)
